SF:lib\settings\data\data-sources\settings_local_data_source_impl.dart
DA:17,1
DA:22,1
DA:25,5
DA:28,0
DA:32,1
DA:35,3
DA:36,3
DA:38,0
LF:8
LH:6
end_of_record
SF:lib\settings\data\models\settings_model.dart
DA:26,13
DA:38,13
DA:39,13
DA:41,2
LF:4
LH:4
end_of_record
SF:lib\settings\data\models\settings_model.g.dart
DA:9,13
DA:10,13
DA:11,13
DA:12,13
DA:13,13
DA:14,13
DA:15,13
DA:16,13
DA:17,13
DA:18,13
DA:19,13
DA:22,1
DA:23,1
DA:24,1
DA:25,1
DA:26,1
DA:27,1
DA:28,1
DA:29,1
DA:30,1
DA:31,1
DA:32,1
LF:22
LH:22
end_of_record
SF:lib\core\base_response.dart
DA:11,9
DA:17,0
DA:19,0
LF:3
LH:1
end_of_record
SF:lib\core\base_response.g.dart
DA:9,0
DA:13,0
DA:14,0
DA:15,0
DA:16,0
DA:19,0
DA:23,0
DA:24,0
DA:25,0
DA:26,0
DA:29,0
DA:33,0
DA:35,0
DA:39,0
LF:14
LH:0
end_of_record
SF:lib\core\failure.dart
DA:7,12
LF:1
LH:1
end_of_record
SF:lib\core\network.dart
DA:14,0
DA:16,0
DA:17,0
LF:3
LH:0
end_of_record
SF:lib\core\safe_request_handler.dart
DA:13,1
DA:15,1
DA:18,2
DA:22,1
DA:24,0
DA:25,0
DA:28,2
LF:7
LH:5
end_of_record
SF:lib\settings\data\data-sources\settings_remote_data_source.g.dart
DA:12,0
DA:21,0
DA:27,0
DA:28,0
DA:29,0
DA:33,0
DA:34,0
DA:39,0
DA:40,0
DA:45,0
DA:46,0
DA:47,0
DA:48,0
DA:50,0
DA:51,0
DA:52,0
DA:54,0
DA:59,0
DA:65,0
DA:66,0
DA:67,0
DA:68,0
DA:69,0
DA:70,0
DA:75,0
DA:76,0
DA:81,0
DA:82,0
DA:83,0
DA:84,0
DA:86,0
DA:87,0
DA:88,0
DA:93,0
DA:97,0
DA:98,0
DA:100,0
DA:101,0
DA:106,0
DA:107,0
DA:112,0
DA:113,0
DA:114,0
DA:115,0
DA:117,0
DA:118,0
DA:119,0
DA:121,0
DA:122,0
DA:123,0
DA:124,0
DA:129,0
DA:132,0
DA:133,0
DA:135,0
DA:136,0
DA:141,0
DA:142,0
DA:147,0
DA:148,0
DA:149,0
DA:150,0
DA:152,0
DA:153,0
DA:154,0
DA:156,0
DA:161,0
DA:162,0
DA:163,0
DA:164,0
DA:165,0
DA:166,0
DA:168,0
DA:174,0
DA:178,0
DA:182,0
DA:184,0
DA:185,0
DA:188,0
LF:79
LH:0
end_of_record
SF:lib\settings\data\repository\settings_remote_data_source_repository_impl.dart
DA:24,1
DA:30,1
DA:32,2
DA:33,2
DA:36,1
DA:38,2
DA:41,1
DA:43,2
DA:46,1
DA:48,2
DA:49,2
DA:50,1
DA:54,1
DA:56,2
DA:57,2
DA:60,1
DA:62,2
DA:63,2
LF:18
LH:18
end_of_record
SF:lib\settings\data\requests\login_request.dart
DA:17,2
DA:22,0
DA:23,0
LF:3
LH:1
end_of_record
SF:lib\settings\data\requests\login_request.g.dart
DA:9,0
DA:10,0
DA:11,0
DA:14,0
DA:15,0
DA:16,0
DA:17,0
LF:7
LH:0
end_of_record
SF:lib\settings\data\requests\register_request.dart
DA:20,3
DA:28,0
DA:29,0
LF:3
LH:1
end_of_record
SF:lib\settings\data\requests\register_request.g.dart
DA:9,0
DA:10,0
DA:11,0
DA:12,0
DA:13,0
DA:14,0
DA:15,0
DA:18,0
DA:19,0
DA:20,0
DA:21,0
DA:22,0
DA:23,0
DA:24,0
LF:14
LH:0
end_of_record
SF:lib\core\print.dart
DA:8,11
DA:10,22
DA:11,0
DA:12,0
DA:14,0
DA:18,11
DA:19,22
DA:20,0
DA:22,11
DA:24,55
LF:10
LH:6
end_of_record
SF:lib\core\fold.dart
DA:10,11
DA:11,11
DA:12,5
DA:13,10
DA:15,11
DA:16,11
DA:21,11
DA:22,11
DA:23,11
DA:24,22
DA:25,22
DA:26,11
DA:29,5
LF:13
LH:13
end_of_record
SF:lib\settings\domain\use-cases\cache_login_use_case.dart
DA:17,1
DA:21,1
DA:24,2
LF:3
LH:3
end_of_record
SF:lib\settings\domain\use-cases\get_cache_login_use_case.dart
DA:17,1
DA:21,1
DA:23,2
LF:3
LH:3
end_of_record
SF:lib\settings\domain\use-cases\get_products_use_case.dart
DA:18,1
DA:22,1
DA:24,2
LF:3
LH:3
end_of_record
SF:lib\settings\domain\use-cases\get_settings_use_case.dart
DA:18,1
DA:22,1
DA:24,2
LF:3
LH:3
end_of_record
SF:lib\settings\domain\use-cases\login_use_case.dart
DA:18,1
DA:22,1
DA:24,2
DA:25,2
LF:4
LH:4
end_of_record
SF:lib\settings\domain\use-cases\register_use_case.dart
DA:18,1
DA:22,1
DA:24,2
LF:3
LH:3
end_of_record
SF:lib\settings\presentation\logic\get_cache_login_cubit.dart
DA:21,3
DA:22,1
DA:23,2
DA:24,2
DA:25,2
DA:26,1
DA:27,2
DA:29,2
DA:30,2
DA:32,1
LF:10
LH:10
end_of_record
SF:lib\core\states.dart
DA:14,0
DA:18,0
DA:20,0
DA:21,0
DA:28,4
DA:32,0
DA:33,0
DA:34,0
DA:35,0
DA:36,4
DA:37,12
DA:44,5
DA:48,0
DA:49,0
DA:50,0
DA:51,0
DA:52,5
DA:53,15
DA:60,0
DA:64,0
DA:65,0
DA:66,0
DA:67,0
DA:68,0
DA:69,0
DA:77,3
DA:82,0
DA:83,0
DA:84,0
DA:85,0
DA:86,3
DA:87,9
DA:95,5
DA:100,0
DA:101,0
DA:102,0
DA:104,1
DA:105,2
LF:38
LH:12
end_of_record
SF:lib\settings\presentation\logic\get_settings_cubit.dart
DA:21,1
DA:22,2
DA:27,1
DA:28,2
DA:29,2
DA:32,2
DA:33,2
DA:35,1
DA:38,2
DA:39,1
DA:40,1
DA:41,2
DA:43,2
DA:44,1
DA:48,2
DA:49,1
LF:16
LH:16
end_of_record
SF:lib\settings\presentation\logic\get_products_cubit.dart
DA:22,1
DA:23,2
DA:24,1
DA:25,2
DA:27,0
DA:28,0
DA:32,1
DA:33,1
DA:34,2
DA:37,2
DA:38,2
DA:40,1
DA:43,2
DA:44,1
DA:45,1
LF:15
LH:13
end_of_record
SF:lib\settings\presentation\logic\login_cubit.dart
DA:23,1
DA:25,2
DA:30,1
DA:31,2
DA:32,2
DA:33,2
DA:34,2
DA:35,1
DA:37,2
DA:38,2
DA:40,1
DA:43,2
DA:44,1
DA:45,1
DA:46,2
DA:48,2
DA:49,1
DA:53,2
DA:54,1
LF:19
LH:19
end_of_record
SF:lib\settings\presentation\logic\register_cubit.dart
DA:28,1
DA:35,2
DA:40,1
DA:41,3
DA:42,2
DA:43,2
DA:44,2
DA:45,2
DA:46,2
DA:47,2
DA:48,2
DA:49,2
DA:50,3
DA:51,2
DA:52,2
DA:53,1
DA:55,2
DA:56,2
DA:58,1
DA:61,2
DA:62,1
DA:63,1
DA:64,2
DA:66,2
DA:67,1
DA:71,2
DA:72,1
DA:79,1
DA:80,1
LF:29
LH:29
end_of_record
