SF:lib\core\base_response.dart
DA:12,14
DA:17,0
DA:19,0
LF:3
LH:1
end_of_record
SF:lib\core\base_response.g.dart
DA:9,0
DA:13,0
DA:14,0
DA:15,0
DA:16,0
DA:19,0
DA:23,0
DA:24,0
DA:25,0
DA:26,0
DA:29,0
DA:33,0
DA:35,0
DA:39,0
LF:14
LH:0
end_of_record
SF:lib\core\failure.dart
DA:7,17
LF:1
LH:1
end_of_record
SF:lib\core\fold.dart
DA:10,16
DA:11,16
DA:12,8
DA:13,16
DA:15,16
DA:16,16
DA:21,15
DA:22,15
DA:23,15
DA:24,30
DA:25,30
DA:26,15
DA:29,7
LF:13
LH:13
end_of_record
SF:lib\core\safe_request_handler.dart
DA:14,1
DA:15,1
DA:18,2
DA:22,1
DA:24,0
DA:25,0
DA:28,2
LF:7
LH:5
end_of_record
SF:lib\settings\data\data-sources\settings_local_data_source_impl.dart
DA:18,1
DA:23,1
DA:26,5
DA:29,0
DA:33,1
DA:36,3
DA:37,3
DA:39,0
LF:8
LH:6
end_of_record
SF:lib\settings\data\models\user_model.dart
DA:29,10
DA:38,10
DA:39,10
DA:41,2
LF:4
LH:4
end_of_record
SF:lib\settings\data\models\user_model.g.dart
DA:9,20
DA:10,10
DA:11,10
DA:12,10
DA:14,0
DA:15,11
DA:16,20
DA:17,10
DA:18,1
DA:19,1
DA:20,10
DA:23,2
DA:24,1
DA:25,1
DA:26,1
DA:27,1
DA:28,1
DA:29,1
LF:18
LH:17
end_of_record
SF:lib\core\print.dart
DA:6,16
DA:8,32
DA:9,0
DA:10,0
DA:12,0
DA:17,16
DA:18,32
DA:19,0
DA:21,16
DA:23,80
LF:10
LH:6
end_of_record
SF:lib\core\network.dart
DA:14,0
DA:15,0
DA:16,0
LF:3
LH:0
end_of_record
SF:lib\settings\data\models\address_model.dart
DA:15,10
DA:20,10
DA:21,10
DA:23,0
LF:4
LH:3
end_of_record
SF:lib\settings\data\models\address_model.g.dart
DA:9,20
DA:10,10
DA:11,10
DA:14,0
DA:15,0
DA:16,0
DA:17,0
LF:7
LH:3
end_of_record
SF:lib\settings\domain\entities\address_entity.dart
DA:7,0
LF:1
LH:0
end_of_record
SF:lib\settings\data\models\otp_model.dart
DA:15,0
DA:20,0
DA:21,0
DA:23,0
LF:4
LH:0
end_of_record
SF:lib\settings\data\models\otp_model.g.dart
DA:9,0
DA:10,0
DA:11,0
DA:14,0
DA:15,0
DA:16,0
LF:6
LH:0
end_of_record
SF:lib\settings\domain\entities\otp_entity.dart
DA:7,0
LF:1
LH:0
end_of_record
SF:lib\settings\domain\entities\user_entity.dart
DA:13,0
LF:1
LH:0
end_of_record
SF:lib\settings\data\client-services\settings_client_services.g.dart
DA:12,0
DA:21,0
DA:28,0
DA:29,0
DA:30,0
DA:31,0
DA:32,0
DA:33,0
DA:38,0
DA:39,0
DA:40,0
DA:44,0
DA:45,0
DA:46,0
DA:47,0
DA:49,0
DA:50,0
DA:51,0
DA:53,0
DA:58,0
DA:64,0
DA:65,0
DA:66,0
DA:67,0
DA:68,0
DA:69,0
DA:74,0
DA:75,0
DA:80,0
DA:81,0
DA:82,0
DA:83,0
DA:85,0
DA:86,0
DA:87,0
DA:92,0
DA:96,0
DA:97,0
DA:99,0
DA:100,0
DA:105,0
DA:106,0
DA:111,0
DA:112,0
DA:113,0
DA:114,0
DA:116,0
DA:117,0
DA:118,0
DA:120,0
DA:121,0
DA:122,0
DA:123,0
DA:128,0
DA:131,0
DA:132,0
DA:134,0
DA:135,0
DA:140,0
DA:141,0
DA:146,0
DA:147,0
DA:148,0
DA:149,0
DA:151,0
DA:152,0
DA:153,0
DA:155,0
DA:160,0
DA:163,0
DA:164,0
DA:165,0
DA:167,0
DA:168,0
DA:173,0
DA:174,0
DA:179,0
DA:180,0
DA:181,0
DA:182,0
DA:184,0
DA:185,0
DA:186,0
DA:188,0
DA:193,0
DA:196,0
DA:197,0
DA:199,0
DA:200,0
DA:205,0
DA:206,0
DA:211,0
DA:212,0
DA:213,0
DA:214,0
DA:216,0
DA:217,0
DA:218,0
DA:220,0
DA:221,0
DA:222,0
DA:223,0
DA:228,0
DA:229,0
DA:230,0
DA:231,0
DA:232,0
DA:233,0
DA:235,0
DA:241,0
DA:245,0
DA:249,0
DA:251,0
DA:252,0
DA:255,0
LF:115
LH:0
end_of_record
SF:lib\settings\data\data-sources\settings_remote_data_source_impl.dart
DA:24,1
DA:29,1
DA:31,2
DA:32,2
DA:33,1
DA:34,1
DA:38,1
DA:40,2
DA:41,2
DA:42,1
DA:46,1
DA:48,2
DA:49,2
DA:52,1
DA:54,2
DA:55,2
DA:58,1
DA:60,2
DA:61,2
DA:64,1
DA:66,2
DA:67,2
LF:22
LH:22
end_of_record
SF:lib\settings\domain\requests\login_request.dart
DA:18,4
DA:24,0
DA:25,0
LF:3
LH:1
end_of_record
SF:lib\settings\domain\requests\login_request.g.dart
DA:9,0
DA:10,0
DA:11,0
DA:12,0
DA:15,0
DA:16,0
DA:17,0
DA:18,0
DA:19,0
LF:9
LH:0
end_of_record
SF:lib\settings\domain\requests\register_request.dart
DA:20,4
DA:28,0
DA:29,0
LF:3
LH:1
end_of_record
SF:lib\settings\domain\requests\register_request.g.dart
DA:9,0
DA:10,0
DA:11,0
DA:12,0
DA:13,0
DA:14,0
DA:15,0
DA:18,0
DA:19,0
DA:20,0
DA:21,0
DA:22,0
DA:23,0
DA:24,0
LF:14
LH:0
end_of_record
SF:lib\settings\data\repository\settings_repository_impl.dart
DA:31,1
DA:36,1
DA:38,2
DA:39,2
DA:40,1
DA:41,3
DA:46,1
DA:48,2
DA:51,1
DA:53,2
DA:56,1
DA:58,2
DA:61,1
DA:63,2
DA:66,1
DA:68,2
DA:71,1
DA:73,2
DA:76,1
DA:78,2
LF:20
LH:20
end_of_record
SF:lib\settings\domain\use-cases\cache_login_use_case.dart
DA:22,1
DA:26,1
DA:29,2
LF:3
LH:3
end_of_record
SF:lib\settings\domain\use-cases\get_addresses_use_case.dart
DA:19,1
DA:23,1
DA:25,2
LF:3
LH:3
end_of_record
SF:lib\settings\domain\use-cases\get_cache_login_use_case.dart
DA:22,1
DA:26,1
DA:28,2
LF:3
LH:3
end_of_record
SF:lib\settings\domain\use-cases\get_faqs_use_case.dart
DA:19,1
DA:23,1
DA:25,2
LF:3
LH:3
end_of_record
SF:lib\settings\domain\use-cases\get_products_use_case.dart
DA:19,1
DA:23,1
DA:27,2
LF:3
LH:3
end_of_record
SF:lib\settings\domain\use-cases\get_settings_use_case.dart
DA:19,1
DA:23,1
DA:25,2
LF:3
LH:3
end_of_record
SF:lib\settings\domain\use-cases\login_use_case.dart
DA:19,1
DA:23,1
DA:25,2
LF:3
LH:3
end_of_record
SF:lib\settings\domain\use-cases\register_use_case.dart
DA:19,1
DA:23,1
DA:25,2
LF:3
LH:3
end_of_record
SF:lib\settings\presentation\logic\get_addresses_cubit.dart
DA:22,1
DA:23,2
DA:28,1
DA:29,2
DA:30,2
DA:32,2
DA:33,2
DA:35,1
DA:38,2
DA:39,1
DA:40,1
DA:41,2
DA:43,2
DA:44,1
DA:48,2
DA:49,1
LF:16
LH:16
end_of_record
SF:lib\core\states.dart
DA:14,0
DA:18,0
DA:20,0
DA:21,0
DA:28,6
DA:32,0
DA:33,0
DA:34,0
DA:35,0
DA:36,6
DA:37,18
DA:44,7
DA:48,0
DA:49,0
DA:50,0
DA:51,0
DA:52,7
DA:53,21
DA:60,0
DA:64,0
DA:65,0
DA:66,0
DA:67,0
DA:68,0
DA:69,0
DA:77,5
DA:82,0
DA:83,0
DA:84,0
DA:85,0
DA:86,5
DA:87,15
DA:95,7
DA:100,0
DA:101,0
DA:102,0
DA:104,1
DA:105,2
LF:38
LH:12
end_of_record
SF:lib\settings\presentation\logic\get_cache_login_cubit.dart
DA:22,3
DA:23,1
DA:24,2
DA:25,2
DA:26,2
DA:27,1
DA:28,2
DA:30,2
DA:31,2
DA:33,1
LF:10
LH:10
end_of_record
SF:lib\settings\presentation\logic\get_faqs_cubit.dart
DA:22,1
DA:23,2
DA:28,1
DA:29,2
DA:30,2
DA:33,2
DA:34,2
DA:36,1
DA:39,2
DA:40,1
DA:41,1
DA:42,2
DA:44,2
DA:45,1
DA:49,2
DA:50,1
LF:16
LH:16
end_of_record
SF:lib\settings\presentation\logic\get_products_cubit.dart
DA:17,1
DA:19,2
DA:21,1
DA:22,2
DA:24,0
DA:25,0
DA:32,1
DA:33,1
DA:34,2
DA:37,2
DA:38,2
DA:40,1
DA:43,2
DA:44,1
DA:45,1
LF:15
LH:13
end_of_record
SF:lib\settings\presentation\logic\get_settings_cubit.dart
DA:22,1
DA:23,2
DA:28,1
DA:29,2
DA:30,2
DA:33,2
DA:34,2
DA:36,1
DA:39,2
DA:40,1
DA:41,1
DA:42,2
DA:44,2
DA:45,1
DA:49,2
DA:50,1
LF:16
LH:16
end_of_record
SF:lib\settings\presentation\logic\login_cubit.dart
DA:24,1
DA:26,2
DA:31,1
DA:32,2
DA:33,2
DA:34,2
DA:35,2
DA:36,2
DA:37,1
DA:39,2
DA:40,2
DA:42,1
DA:45,2
DA:46,1
DA:47,1
DA:48,2
DA:50,2
DA:51,1
DA:55,2
DA:56,1
LF:20
LH:20
end_of_record
SF:lib\settings\presentation\logic\register_cubit.dart
DA:23,1
DA:31,2
DA:36,1
DA:37,3
DA:38,4
DA:39,4
DA:40,4
DA:41,4
DA:42,3
DA:43,2
DA:44,2
DA:45,1
DA:47,2
DA:48,2
DA:50,1
DA:53,2
DA:54,1
DA:55,1
DA:56,2
DA:58,2
DA:59,1
DA:63,2
DA:64,1
DA:72,1
DA:73,1
LF:25
LH:25
end_of_record
